TN:
SF:src/components/Button/Button.styles.ts
FN:7,(anonymous_0)
FNF:1
FNH:0
FNDA:0,(anonymous_0)
DA:7,0
DA:8,0
DA:23,0
DA:49,0
DA:55,0
DA:61,0
LF:6
LH:0
BRDA:29,0,0,0
BRDA:29,0,1,0
BRDA:36,1,0,0
BRDA:36,1,1,0
BRDA:45,2,0,0
BRDA:45,2,1,0
BRF:6
BRH:0
end_of_record
TN:
SF:src/components/Button/Button.tsx
FN:15,(anonymous_0)
FNF:1
FNH:0
FNDA:0,(anonymous_0)
DA:2,0
DA:15,0
DA:25,0
DA:26,0
DA:28,0
LF:5
LH:0
BRDA:17,0,0,0
BRDA:18,1,0,0
BRDA:19,2,0,0
BRDA:21,3,0,0
BRDA:22,4,0,0
BRF:5
BRH:0
end_of_record
TN:
SF:src/components/Button/index.tsx
FN:1,(anonymous_0)
FNF:1
FNH:0
FNDA:0,(anonymous_0)
DA:1,0
LF:1
LH:0
BRF:0
BRH:0
end_of_record
TN:
SF:src/components/MobileNavigation/MobileNavigation.tsx
FN:7,MobileNavigation
FN:38,(anonymous_1)
FN:42,(anonymous_2)
FNF:3
FNH:0
FNDA:0,MobileNavigation
FNDA:0,(anonymous_1)
FNDA:0,(anonymous_2)
DA:1,0
DA:7,0
DA:8,0
DA:31,0
DA:39,0
DA:43,0
LF:6
LH:0
BRDA:44,0,0,0
BRDA:44,0,1,0
BRF:2
BRH:0
end_of_record
TN:
SF:src/components/VerseCard/VerseCard.tsx
FN:19,formatReference
FN:37,formatPhase
FN:41,(anonymous_2)
FN:51,(anonymous_3)
FN:66,(anonymous_4)
FNF:5
FNH:5
FNDA:32,formatReference
FNDA:34,formatPhase
FNDA:34,(anonymous_2)
FNDA:9,(anonymous_3)
FNDA:2,(anonymous_4)
DA:12,2
DA:14,2
DA:20,32
DA:22,30
DA:25,1
DA:26,1
DA:28,1
DA:30,0
DA:38,34
DA:41,2
DA:49,34
DA:51,34
DA:52,9
DA:53,9
DA:55,9
DA:56,8
DA:58,5
DA:61,3
DA:66,34
DA:67,2
DA:68,2
DA:69,2
DA:73,34
DA:74,34
DA:76,34
LF:25
LH:24
BRDA:20,0,0,30
BRDA:20,0,1,1
BRDA:20,0,2,1
BRDA:20,0,3,0
BRDA:26,1,0,1
BRDA:26,1,1,0
BRDA:55,2,0,8
BRDA:55,2,1,1
BRDA:56,3,0,5
BRDA:56,3,1,3
BRDA:67,4,0,2
BRDA:67,4,1,0
BRDA:67,5,0,2
BRDA:67,5,1,1
BRDA:73,6,0,2
BRDA:73,6,1,32
BRDA:74,7,0,2
BRDA:74,7,1,32
BRDA:109,8,0,34
BRDA:109,8,1,2
BRF:20
BRH:17
end_of_record
TN:
SF:src/components/VerseStack/VerseStack.tsx
FN:17,(anonymous_0)
FN:27,(anonymous_1)
FN:32,(anonymous_2)
FN:37,(anonymous_3)
FN:38,(anonymous_4)
FN:41,(anonymous_5)
FN:127,(anonymous_6)
FN:128,(anonymous_7)
FN:129,(anonymous_8)
FNF:9
FNH:4
FNDA:14,(anonymous_0)
FNDA:4,(anonymous_1)
FNDA:2,(anonymous_2)
FNDA:0,(anonymous_3)
FNDA:0,(anonymous_4)
FNDA:6,(anonymous_5)
FNDA:0,(anonymous_6)
FNDA:0,(anonymous_7)
FNDA:0,(anonymous_8)
DA:11,1
DA:12,1
DA:13,1
DA:15,1
DA:17,1
DA:24,14
DA:25,14
DA:27,14
DA:28,4
DA:29,4
DA:32,14
DA:33,2
DA:34,2
DA:37,14
DA:38,0
DA:41,14
DA:42,6
DA:44,6
DA:46,3
DA:52,3
DA:54,3
DA:55,3
DA:60,14
DA:61,2
DA:76,12
DA:77,12
DA:79,12
LF:27
LH:26
BRDA:44,0,0,3
BRDA:44,0,1,3
BRDA:60,1,0,2
BRDA:60,1,1,12
BRDA:116,2,0,12
BRDA:116,2,1,8
BRF:6
BRH:6
end_of_record
TN:
SF:src/contexts/AppContext.tsx
FN:42,appReducer
FN:53,(anonymous_1)
FN:101,AppProvider
FN:104,(anonymous_3)
FN:108,(anonymous_4)
FN:112,(anonymous_5)
FN:116,(anonymous_6)
FN:120,(anonymous_7)
FN:140,useApp
FNF:9
FNH:6
FNDA:3,appReducer
FNDA:0,(anonymous_1)
FNDA:5,AppProvider
FNDA:1,(anonymous_3)
FNDA:0,(anonymous_4)
FNDA:1,(anonymous_5)
FNDA:1,(anonymous_6)
FNDA:0,(anonymous_7)
FNDA:5,useApp
DA:8,1
DA:30,1
DA:43,3
DA:45,1
DA:51,0
DA:54,0
DA:59,1
DA:68,1
DA:77,0
DA:86,0
DA:99,1
DA:101,1
DA:102,5
DA:104,5
DA:105,1
DA:108,5
DA:109,0
DA:112,5
DA:113,1
DA:116,5
DA:117,1
DA:120,5
DA:121,0
DA:124,5
DA:140,1
DA:141,5
DA:142,5
DA:143,0
DA:145,5
LF:29
LH:22
BRDA:43,0,0,1
BRDA:43,0,1,0
BRDA:43,0,2,1
BRDA:43,0,3,1
BRDA:43,0,4,0
BRDA:43,0,5,0
BRDA:54,1,0,0
BRDA:54,1,1,0
BRDA:142,2,0,0
BRDA:142,2,1,5
BRF:10
BRH:4
end_of_record
TN:
SF:src/hooks/useAuth.ts
FN:18,useAuth
FN:25,(anonymous_1)
FN:27,(anonymous_2)
FN:37,(anonymous_3)
FN:46,(anonymous_4)
FN:49,(anonymous_5)
FN:53,(anonymous_6)
FN:57,(anonymous_7)
FNF:8
FNH:4
FNDA:1,useAuth
FNDA:1,(anonymous_1)
FNDA:1,(anonymous_2)
FNDA:0,(anonymous_3)
FNDA:1,(anonymous_4)
FNDA:0,(anonymous_5)
FNDA:0,(anonymous_6)
FNDA:0,(anonymous_7)
DA:8,1
DA:10,1
DA:18,1
DA:19,1
DA:25,1
DA:27,1
DA:28,1
DA:36,1
DA:38,0
DA:46,1
DA:49,1
DA:50,0
DA:53,1
DA:54,0
DA:57,1
DA:58,0
DA:61,1
LF:17
LH:13
BRDA:29,0,0,0
BRDA:29,0,1,1
BRDA:29,1,0,1
BRDA:29,1,1,1
BRDA:29,2,0,1
BRDA:29,2,1,0
BRDA:29,3,0,1
BRDA:29,3,1,0
BRDA:31,4,0,1
BRDA:31,4,1,0
BRDA:31,5,0,1
BRDA:31,5,1,0
BRDA:39,6,0,0
BRDA:39,6,1,0
BRDA:39,7,0,0
BRDA:39,7,1,0
BRDA:39,8,0,0
BRDA:39,8,1,0
BRDA:39,9,0,0
BRDA:39,9,1,0
BRDA:41,10,0,0
BRDA:41,10,1,0
BRDA:41,11,0,0
BRDA:41,11,1,0
BRF:24
BRH:7
end_of_record
TN:
SF:src/hooks/useVerses.ts
FN:22,useVerses
FN:28,(anonymous_8)
FN:28,(anonymous_9)
FN:45,(anonymous_10)
FN:67,(anonymous_11)
FN:67,(anonymous_12)
FN:82,(anonymous_13)
FN:89,(anonymous_14)
FN:89,(anonymous_15)
FN:101,(anonymous_16)
FN:101,(anonymous_17)
FN:108,(anonymous_18)
FN:108,(anonymous_19)
FN:117,(anonymous_20)
FN:117,(anonymous_21)
FN:123,(anonymous_22)
FNF:16
FNH:4
FNDA:1,useVerses
FNDA:1,(anonymous_8)
FNDA:1,(anonymous_9)
FNDA:0,(anonymous_10)
FNDA:0,(anonymous_11)
FNDA:0,(anonymous_12)
FNDA:0,(anonymous_13)
FNDA:0,(anonymous_14)
FNDA:0,(anonymous_15)
FNDA:0,(anonymous_16)
FNDA:0,(anonymous_17)
FNDA:0,(anonymous_18)
FNDA:0,(anonymous_19)
FNDA:0,(anonymous_20)
FNDA:0,(anonymous_21)
FNDA:1,(anonymous_22)
DA:7,1
DA:8,1
DA:9,1
DA:22,1
DA:23,1
DA:24,1
DA:25,1
DA:26,1
DA:28,1
DA:29,1
DA:30,0
DA:31,0
DA:32,0
DA:35,1
DA:36,1
DA:37,1
DA:39,1
DA:40,0
DA:41,0
DA:45,1
DA:58,1
DA:59,1
DA:61,0
DA:63,1
DA:67,1
DA:68,0
DA:70,0
DA:71,0
DA:76,0
DA:77,0
DA:78,0
DA:81,0
DA:82,0
DA:85,0
DA:89,1
DA:90,0
DA:92,0
DA:93,0
DA:95,0
DA:96,0
DA:97,0
DA:100,0
DA:101,0
DA:104,0
DA:108,1
DA:109,0
DA:110,0
DA:112,0
DA:113,0
DA:114,0
DA:117,0
DA:119,0
DA:123,1
DA:124,1
DA:127,1
LF:55
LH:24
BRDA:29,0,0,0
BRDA:29,0,1,1
BRDA:39,1,0,0
BRDA:39,1,1,1
BRDA:45,2,0,1
BRDA:45,2,1,0
BRDA:68,3,0,0
BRDA:68,3,1,0
BRDA:76,4,0,0
BRDA:76,4,1,0
BRDA:81,5,0,0
BRDA:81,5,1,0
BRDA:90,6,0,0
BRDA:90,6,1,0
BRDA:95,7,0,0
BRDA:95,7,1,0
BRDA:100,8,0,0
BRDA:100,8,1,0
BRDA:101,9,0,0
BRDA:101,9,1,0
BRDA:112,10,0,0
BRDA:112,10,1,0
BRF:22
BRH:3
end_of_record
TN:
SF:src/pages/AddVerse/AddVerse.tsx
FN:5,AddVerse
FNF:1
FNH:0
FNDA:0,AddVerse
DA:5,0
DA:6,0
LF:2
LH:0
BRF:0
BRH:0
end_of_record
TN:
SF:src/pages/Auth/Auth.tsx
FN:5,Auth
FNF:1
FNH:0
FNDA:0,Auth
DA:5,0
DA:6,0
LF:2
LH:0
BRF:0
BRH:0
end_of_record
TN:
SF:src/pages/Library/Library.tsx
FN:5,Library
FNF:1
FNH:0
FNDA:0,Library
DA:5,0
DA:6,0
LF:2
LH:0
BRF:0
BRH:0
end_of_record
TN:
SF:src/pages/NotFound/NotFound.tsx
FN:7,NotFound
FNF:1
FNH:0
FNDA:0,NotFound
DA:1,0
DA:7,0
DA:8,0
LF:3
LH:0
BRF:0
BRH:0
end_of_record
TN:
SF:src/pages/Review/Review.tsx
FN:5,Review
FNF:1
FNH:0
FNDA:0,Review
DA:5,0
DA:6,0
LF:2
LH:0
BRF:0
BRH:0
end_of_record
TN:
SF:src/pages/Settings/Settings.tsx
FN:5,Settings
FNF:1
FNH:0
FNDA:0,Settings
DA:5,0
DA:6,0
LF:2
LH:0
BRF:0
BRH:0
end_of_record
TN:
SF:src/router/AppRouter.tsx
FN:15,AppRouter
FNF:1
FNH:0
FNDA:0,AppRouter
DA:1,0
DA:2,0
DA:3,0
DA:4,0
DA:5,0
DA:6,0
DA:7,0
DA:8,0
DA:9,0
DA:15,0
DA:16,0
DA:19,0
DA:20,0
DA:31,0
DA:32,0
DA:40,0
LF:16
LH:0
BRDA:19,0,0,0
BRDA:19,0,1,0
BRDA:31,1,0,0
BRDA:31,1,1,0
BRF:4
BRH:0
end_of_record
TN:
SF:src/services/esvApi.ts
FN:26,isESVError
FN:37,(anonymous_8)
FN:47,(anonymous_9)
FN:83,(anonymous_11)
FN:132,(anonymous_13)
FN:148,(anonymous_14)
FN:163,(anonymous_15)
FN:170,(anonymous_16)
FN:188,(anonymous_17)
FN:206,(anonymous_18)
FNF:10
FNH:10
FNDA:4,isESVError
FNDA:1,(anonymous_8)
FNDA:7,(anonymous_9)
FNDA:4,(anonymous_11)
FNDA:4,(anonymous_13)
FNDA:2,(anonymous_14)
FNDA:5,(anonymous_15)
FNDA:5,(anonymous_16)
FNDA:2,(anonymous_17)
FNDA:7,(anonymous_18)
DA:1,1
DA:2,1
DA:26,1
DA:27,4
DA:38,1
DA:39,1
DA:40,1
DA:41,1
DA:42,1
DA:49,7
DA:50,1
DA:53,6
DA:54,1
DA:57,5
DA:60,5
DA:61,5
DA:62,5
DA:63,1
DA:67,4
DA:70,2
DA:71,0
DA:75,2
DA:77,2
DA:84,4
DA:85,4
DA:86,4
DA:95,4
DA:96,2
DA:97,1
DA:100,1
DA:101,0
DA:104,1
DA:105,0
DA:108,1
DA:112,2
DA:114,2
DA:115,0
DA:118,2
DA:121,2
DA:123,2
DA:125,0
DA:133,4
DA:142,4
DA:149,2
DA:164,5
DA:171,5
DA:172,5
DA:173,4
DA:177,1
DA:178,0
DA:179,0
DA:182,1
DA:190,2
DA:191,0
DA:192,0
DA:193,0
DA:197,2
DA:207,7
DA:212,1
LF:59
LH:49
BRDA:27,0,0,4
BRDA:27,0,1,3
BRDA:27,0,2,2
BRDA:27,0,3,2
BRDA:27,0,4,1
BRDA:49,1,0,1
BRDA:49,1,1,6
BRDA:49,2,0,7
BRDA:49,2,1,6
BRDA:53,3,0,1
BRDA:53,3,1,5
BRDA:62,4,0,1
BRDA:62,4,1,4
BRDA:70,5,0,0
BRDA:70,5,1,2
BRDA:70,6,0,2
BRDA:70,6,1,2
BRDA:95,7,0,2
BRDA:95,7,1,2
BRDA:96,8,0,1
BRDA:96,8,1,1
BRDA:100,9,0,0
BRDA:100,9,1,1
BRDA:104,10,0,0
BRDA:104,10,1,1
BRDA:114,11,0,0
BRDA:114,11,1,2
BRDA:121,12,0,2
BRDA:121,12,1,0
BRDA:150,13,0,2
BRDA:150,13,1,2
BRDA:150,13,2,2
BRDA:150,13,3,2
BRDA:150,13,4,2
BRDA:150,13,5,2
BRDA:150,13,6,2
BRDA:172,14,0,4
BRDA:172,14,1,1
BRDA:177,15,0,0
BRDA:177,15,1,1
BRDA:190,16,0,0
BRDA:190,16,1,2
BRDA:192,17,0,0
BRDA:192,17,1,0
BRF:44
BRH:35
end_of_record
TN:
SF:src/services/supabase.ts
FN:146,createSupabaseClient
FN:203,(anonymous_8)
FN:211,(anonymous_10)
FN:223,(anonymous_12)
FN:223,(anonymous_13)
FN:232,(anonymous_14)
FN:240,(anonymous_16)
FN:248,(anonymous_18)
FN:248,(anonymous_19)
FN:271,(anonymous_20)
FN:286,(anonymous_22)
FN:304,(anonymous_24)
FN:312,(anonymous_26)
FN:325,(anonymous_28)
FN:344,(anonymous_30)
FN:353,(anonymous_32)
FN:362,(anonymous_34)
FN:372,(anonymous_36)
FN:380,(anonymous_38)
FN:380,(anonymous_39)
FN:400,(anonymous_40)
FN:408,(anonymous_42)
FNF:22
FNH:1
FNDA:4,createSupabaseClient
FNDA:0,(anonymous_8)
FNDA:0,(anonymous_10)
FNDA:0,(anonymous_12)
FNDA:0,(anonymous_13)
FNDA:0,(anonymous_14)
FNDA:0,(anonymous_16)
FNDA:0,(anonymous_18)
FNDA:0,(anonymous_19)
FNDA:0,(anonymous_20)
FNDA:0,(anonymous_22)
FNDA:0,(anonymous_24)
FNDA:0,(anonymous_26)
FNDA:0,(anonymous_28)
FNDA:0,(anonymous_30)
FNDA:0,(anonymous_32)
FNDA:0,(anonymous_34)
FNDA:0,(anonymous_36)
FNDA:0,(anonymous_38)
FNDA:0,(anonymous_39)
FNDA:0,(anonymous_40)
FNDA:0,(anonymous_42)
DA:1,1
DA:146,1
DA:148,4
DA:149,4
DA:152,4
DA:153,1
DA:157,3
DA:158,3
DA:160,1
DA:164,2
DA:165,0
DA:168,2
DA:185,1
DA:200,1
DA:204,0
DA:212,0
DA:223,0
DA:224,0
DA:233,0
DA:241,0
DA:248,0
DA:250,0
DA:251,0
DA:252,0
DA:257,0
DA:258,0
DA:261,0
DA:262,0
DA:264,0
DA:272,0
DA:287,0
DA:288,0
DA:305,0
DA:313,0
DA:326,0
DA:346,0
DA:354,0
DA:363,0
DA:373,0
DA:380,0
DA:381,0
DA:382,0
DA:384,0
DA:395,1
DA:401,0
DA:410,0
LF:46
LH:14
BRDA:152,0,0,1
BRDA:152,0,1,3
BRDA:152,1,0,4
BRDA:152,1,1,3
BRDA:164,2,0,0
BRDA:164,2,1,2
BRDA:164,3,0,2
BRDA:164,3,1,0
BRDA:223,4,0,0
BRDA:248,5,0,0
BRDA:251,6,0,0
BRDA:251,6,1,0
BRDA:261,7,0,0
BRDA:261,7,1,0
BRDA:261,8,0,0
BRDA:261,8,1,0
BRDA:261,9,0,0
BRDA:261,9,1,0
BRDA:380,10,0,0
BRF:19
BRH:6
end_of_record
TN:
SF:src/utils/bibleRefParser.ts
FN:111,normalizeBookName
FN:127,(anonymous_1)
FN:153,validateChapterVerse
FN:180,parseBibleReference
FN:261,parseComplexRange
FN:304,parseCrossChapterRange
FN:334,parseMultipleReferences
FN:341,(anonymous_7)
FN:378,validateBibleReference
FNF:9
FNH:9
FNDA:43,normalizeBookName
FNDA:462,(anonymous_1)
FNDA:36,validateChapterVerse
FNDA:43,parseBibleReference
FNDA:1,parseComplexRange
FNDA:1,parseCrossChapterRange
FNDA:2,parseMultipleReferences
FNDA:3,(anonymous_7)
FNDA:3,validateBibleReference
DA:1,1
DA:18,1
DA:91,1
DA:111,1
DA:112,43
DA:114,43
DA:115,39
DA:120,4
DA:121,560
DA:122,1
DA:127,3
DA:129,462
DA:132,462
DA:135,460
DA:139,3
DA:140,1
DA:143,2
DA:144,1
DA:147,1
DA:154,36
DA:155,36
DA:156,0
DA:159,36
DA:160,1
DA:161,0
DA:163,1
DA:167,35
DA:168,32
DA:169,0
DA:171,32
DA:172,1
DA:180,1
DA:181,43
DA:182,1
DA:186,42
DA:187,42
DA:190,42
DA:191,1
DA:195,41
DA:196,1
DA:200,40
DA:210,40
DA:211,2
DA:215,38
DA:216,38
DA:218,38
DA:219,1
DA:220,1
DA:222,0
DA:225,37
DA:227,37
DA:228,34
DA:229,34
DA:230,34
DA:232,34
DA:233,1
DA:236,33
DA:237,1
DA:240,32
DA:241,1
DA:244,31
DA:245,29
DA:246,2
DA:249,29
DA:262,1
DA:263,1
DA:264,0
DA:267,1
DA:268,1
DA:269,1
DA:270,0
DA:273,1
DA:274,1
DA:276,1
DA:278,1
DA:279,2
DA:280,2
DA:281,2
DA:282,0
DA:285,2
DA:286,2
DA:288,2
DA:291,1
DA:293,1
DA:305,1
DA:306,1
DA:307,0
DA:310,1
DA:312,1
DA:313,1
DA:314,1
DA:315,1
DA:316,1
DA:318,1
DA:319,1
DA:321,1
DA:334,1
DA:335,2
DA:336,0
DA:340,2
DA:341,3
DA:345,1
DA:346,1
DA:347,1
DA:348,1
DA:350,1
DA:351,3
DA:354,3
DA:355,1
DA:356,1
DA:357,1
DA:360,2
DA:361,0
DA:363,2
DA:364,2
DA:368,1
DA:372,0
DA:378,1
DA:379,3
DA:380,3
DA:381,3
DA:383,0
LF:122
LH:110
BRDA:114,0,0,39
BRDA:114,0,1,4
BRDA:121,1,0,1
BRDA:121,1,1,559
BRDA:121,2,0,560
BRDA:121,2,1,1
BRDA:129,3,0,0
BRDA:129,3,1,462
BRDA:132,4,0,2
BRDA:132,4,1,460
BRDA:132,5,0,462
BRDA:132,5,1,154
BRDA:132,5,2,153
BRDA:135,6,0,460
BRDA:135,6,1,459
BRDA:139,7,0,1
BRDA:139,7,1,2
BRDA:143,8,0,1
BRDA:143,8,1,1
BRDA:155,9,0,0
BRDA:155,9,1,36
BRDA:159,10,0,1
BRDA:159,10,1,35
BRDA:159,11,0,36
BRDA:159,11,1,36
BRDA:160,12,0,0
BRDA:160,12,1,1
BRDA:167,13,0,32
BRDA:167,13,1,3
BRDA:167,14,0,35
BRDA:167,14,1,32
BRDA:168,15,0,0
BRDA:168,15,1,32
BRDA:171,16,0,1
BRDA:171,16,1,31
BRDA:181,17,0,1
BRDA:181,17,1,42
BRDA:181,18,0,43
BRDA:181,18,1,42
BRDA:190,19,0,1
BRDA:190,19,1,41
BRDA:190,20,0,42
BRDA:190,20,1,1
BRDA:195,21,0,1
BRDA:195,21,1,40
BRDA:210,22,0,2
BRDA:210,22,1,38
BRDA:218,23,0,1
BRDA:218,23,1,37
BRDA:219,24,0,1
BRDA:219,24,1,0
BRDA:229,25,0,32
BRDA:229,25,1,2
BRDA:230,26,0,3
BRDA:230,26,1,31
BRDA:232,27,0,1
BRDA:232,27,1,33
BRDA:236,28,0,1
BRDA:236,28,1,32
BRDA:236,29,0,33
BRDA:236,29,1,31
BRDA:240,30,0,1
BRDA:240,30,1,31
BRDA:240,31,0,32
BRDA:240,31,1,30
BRDA:240,31,2,30
BRDA:244,32,0,31
BRDA:244,32,1,2
BRDA:245,33,0,2
BRDA:245,33,1,27
BRDA:245,34,0,29
BRDA:245,34,1,27
BRDA:263,35,0,0
BRDA:263,35,1,1
BRDA:269,36,0,0
BRDA:269,36,1,1
BRDA:281,37,0,0
BRDA:281,37,1,2
BRDA:286,38,0,2
BRDA:286,38,1,0
BRDA:306,39,0,0
BRDA:306,39,1,1
BRDA:335,40,0,0
BRDA:335,40,1,2
BRDA:335,41,0,2
BRDA:335,41,1,2
BRDA:340,42,0,1
BRDA:340,42,1,1
BRDA:345,43,0,1
BRDA:345,43,1,0
BRDA:354,44,0,1
BRDA:354,44,1,2
BRDA:360,45,0,0
BRDA:360,45,1,2
BRF:94
BRH:81
end_of_record
TN:
SF:src/utils/env.ts
FN:14,getEnvVars
FN:33,validateEnv
FNF:2
FNH:2
FNDA:1,getEnvVars
FNDA:1,validateEnv
DA:1,1
DA:4,1
DA:16,1
DA:17,1
DA:29,0
DA:34,1
DA:35,1
DA:36,1
DA:38,0
DA:39,0
DA:43,1
DA:46,1
LF:12
LH:9
BRDA:16,0,0,1
BRDA:16,0,1,0
BRDA:16,1,0,1
BRDA:16,1,1,1
BRDA:16,1,2,1
BRDA:29,2,0,0
BRDA:29,2,1,0
BRDA:29,2,2,0
BRDA:29,3,0,0
BRDA:29,3,1,0
BRDA:29,4,0,0
BRDA:29,4,1,0
BRDA:29,5,0,0
BRDA:29,5,1,0
BRDA:29,6,0,0
BRDA:29,6,1,0
BRF:16
BRH:4
end_of_record
TN:
SF:src/utils/sanitization.ts
FN:9,sanitizeBibleReference
FN:35,sanitizeText
FN:62,(anonymous_2)
FN:73,(anonymous_3)
FN:81,(anonymous_4)
FNF:5
FNH:1
FNDA:49,sanitizeBibleReference
FNDA:0,sanitizeText
FNDA:0,(anonymous_2)
FNDA:0,(anonymous_3)
FNDA:0,(anonymous_4)
DA:1,2
DA:9,2
DA:10,49
DA:11,0
DA:15,49
DA:21,49
DA:22,0
DA:25,49
DA:35,2
DA:36,0
DA:37,0
DA:41,0
DA:50,0
DA:56,2
DA:62,0
DA:69,2
DA:73,0
DA:78,2
DA:81,0
LF:19
LH:10
BRDA:10,0,0,0
BRDA:10,0,1,49
BRDA:21,1,0,0
BRDA:21,1,1,49
BRDA:35,2,0,0
BRDA:36,3,0,0
BRDA:36,3,1,0
BRF:7
BRH:2
end_of_record
TN:
SF:src/utils/security.ts
FN:44,generateCSPHeader
FN:46,(anonymous_1)
FN:74,(anonymous_2)
FN:76,(anonymous_3)
FN:79,(anonymous_4)
FN:89,(anonymous_5)
FNF:6
FNH:0
FNDA:0,generateCSPHeader
FNDA:0,(anonymous_1)
FNDA:0,(anonymous_2)
FNDA:0,(anonymous_3)
FNDA:0,(anonymous_4)
FNDA:0,(anonymous_5)
DA:6,0
DA:44,0
DA:45,0
DA:47,0
DA:48,0
DA:56,0
DA:72,0
DA:74,0
DA:77,0
DA:79,0
DA:81,0
DA:82,0
DA:83,0
DA:86,0
DA:90,0
DA:91,0
DA:96,0
DA:97,0
LF:18
LH:0
BRDA:47,0,0,0
BRDA:47,0,1,0
BRDA:81,1,0,0
BRDA:81,1,1,0
BRDA:90,2,0,0
BRDA:90,2,1,0
BRF:6
BRH:0
end_of_record
TN:
SF:src/utils/spacedRepetition.ts
FN:45,calculateNextDueDate
FN:75,processReview
FN:139,getNextPhase
FN:153,getDueCards
FN:161,(anonymous_4)
FN:182,getAdditionalReviewCards
FN:191,(anonymous_6)
FN:210,createNewVerseCard
FN:227,isCardDue
FN:235,getCardStats
FN:252,(anonymous_10)
FN:280,getPhaseProgress
FN:292,estimatePhaseAdvancement
FNF:13
FNH:8
FNDA:43,calculateNextDueDate
FNDA:36,processReview
FNDA:5,getNextPhase
FNDA:4,getDueCards
FNDA:1006,(anonymous_4)
FNDA:2,getAdditionalReviewCards
FNDA:3,(anonymous_6)
FNDA:1,createNewVerseCard
FNDA:0,isCardDue
FNDA:0,getCardStats
FNDA:0,(anonymous_10)
FNDA:0,getPhaseProgress
FNDA:0,estimatePhaseAdvancement
DA:27,1
DA:35,1
DA:45,1
DA:46,43
DA:47,1
DA:50,42
DA:51,1
DA:54,41
DA:56,41
DA:58,4
DA:61,4
DA:62,1
DA:66,37
DA:69,41
DA:75,1
DA:81,36
DA:82,1
DA:85,35
DA:86,0
DA:89,35
DA:90,35
DA:93,35
DA:94,1
DA:103,34
DA:104,1
DA:113,33
DA:114,33
DA:117,33
DA:118,5
DA:119,5
DA:128,28
DA:140,5
DA:147,5
DA:153,1
DA:154,4
DA:155,1
DA:158,3
DA:159,3
DA:161,3
DA:163,1006
DA:164,1
DA:168,1005
DA:169,1005
DA:175,1005
DA:182,1
DA:183,2
DA:184,1
DA:187,1
DA:188,1
DA:189,1
DA:191,1
DA:193,3
DA:194,0
DA:198,3
DA:199,0
DA:202,3
DA:203,3
DA:210,1
DA:214,1
DA:227,1
DA:228,0
DA:229,0
DA:235,1
DA:236,0
DA:249,0
DA:250,0
DA:252,0
DA:253,0
DA:254,0
DA:255,0
DA:258,0
DA:260,0
DA:261,0
DA:267,0
DA:268,0
DA:269,0
DA:270,0
DA:274,0
DA:280,1
DA:281,0
DA:282,0
DA:283,0
DA:286,0
DA:292,1
DA:293,0
DA:294,0
DA:295,0
DA:298,0
DA:299,0
DA:300,0
DA:304,0
DA:306,0
DA:307,0
DA:309,0
LF:94
LH:60
BRDA:45,0,0,36
BRDA:46,1,0,1
BRDA:46,1,1,42
BRDA:46,2,0,43
BRDA:46,2,1,42
BRDA:46,2,2,42
BRDA:50,3,0,1
BRDA:50,3,1,41
BRDA:56,4,0,4
BRDA:56,4,1,37
BRDA:61,5,0,1
BRDA:61,5,1,3
BRDA:81,6,0,1
BRDA:81,6,1,35
BRDA:81,7,0,36
BRDA:81,7,1,1
BRDA:85,8,0,0
BRDA:85,8,1,35
BRDA:93,9,0,1
BRDA:93,9,1,34
BRDA:103,10,0,1
BRDA:103,10,1,33
BRDA:117,11,0,5
BRDA:117,11,1,28
BRDA:117,12,0,33
BRDA:117,12,1,5
BRDA:154,13,0,1
BRDA:154,13,1,3
BRDA:154,14,0,4
BRDA:154,14,1,4
BRDA:163,15,0,1
BRDA:163,15,1,1005
BRDA:183,16,0,1
BRDA:183,16,1,1
BRDA:183,17,0,2
BRDA:183,17,1,2
BRDA:193,18,0,0
BRDA:193,18,1,3
BRDA:198,19,0,0
BRDA:198,19,1,3
BRDA:203,20,0,3
BRDA:203,20,1,2
BRDA:253,21,0,0
BRDA:253,21,1,0
BRDA:267,22,0,0
BRDA:267,22,1,0
BRDA:269,23,0,0
BRDA:269,23,1,0
BRDA:282,24,0,0
BRDA:282,24,1,0
BRDA:292,25,0,0
BRDA:294,26,0,0
BRDA:294,26,1,0
BRDA:299,27,0,0
BRDA:299,27,1,0
BRF:55
BRH:39
end_of_record
